<?xml version="1.0" encoding="UTF-8"?>
<testsuite name="HelloJavaTest" tests="4" skipped="0" failures="0" errors="0" timestamp="2018-08-01T18:09:32" hostname="Josemys-MacBook-Pro.local" time="0.004">
  <properties/>
  <testcase name="testSolution" classname="HelloJavaTest" time="0.001"/>
  <testcase name="testadd" classname="HelloJavaTest" time="0.001"/>
  <testcase name="addUserInput" classname="HelloJavaTest" time="0.0"/>
  <testcase name="addUserInput2" classname="HelloJavaTest" time="0.0"/>
  <system-out><![CDATA[Test...
]]></system-out>
  <system-err><![CDATA[]]></system-err>
</testsuite>
